<?xml version="1.0" encoding="UTF-8"?>
<testng-results ignored="0" total="1" passed="1" failed="0" skipped="0">
  <reporter-output>
  </reporter-output>
  <suite started-at="2023-09-17T23:47:59 EDT" name="Default suite" finished-at="2023-09-17T23:48:02 EDT" duration-ms="2989">
    <groups>
    </groups>
    <test started-at="2023-09-17T23:47:59 EDT" name="Default test" finished-at="2023-09-17T23:48:02 EDT" duration-ms="2989">
      <class name="loginTest.openFacebook">
        <test-method is-config="true" signature="openApplication()[pri:0, instance:loginTest.openFacebook@5fe94a96]" started-at="2023-09-17T23:47:59 EDT" name="openApplication" finished-at="2023-09-17T23:48:02 EDT" duration-ms="2662" status="PASS">
          <reporter-output>
          </reporter-output>
        </test-method> <!-- openApplication -->
        <test-method signature="loginTest()[pri:0, instance:loginTest.openFacebook@5fe94a96]" started-at="2023-09-17T23:48:02 EDT" name="loginTest" finished-at="2023-09-17T23:48:02 EDT" duration-ms="274" status="PASS">
          <reporter-output>
          </reporter-output>
        </test-method> <!-- loginTest -->
      </class> <!-- loginTest.openFacebook -->
    </test> <!-- Default test -->
  </suite> <!-- Default suite -->
</testng-results>
